<?xml version="1.0" encoding="UTF-8"?>
<testng-results skipped="0" failed="0" total="1" passed="1">
  <reporter-output>
  </reporter-output>
  <suite name="Default suite" duration-ms="8054" started-at="2019-08-29T02:10:14Z" finished-at="2019-08-29T02:10:22Z">
    <groups>
    </groups>
    <test name="Default test" duration-ms="8054" started-at="2019-08-29T02:10:14Z" finished-at="2019-08-29T02:10:22Z">
      <class name="test.Test99GuruLoginWithPageFactory">
        <test-method status="PASS" signature="settup()[pri:0, instance:test.Test99GuruLoginWithPageFactory@224aed64]" name="settup" is-config="true" duration-ms="6651" started-at="2019-08-29T09:10:14Z" finished-at="2019-08-29T09:10:21Z">
          <reporter-output>
          </reporter-output>
        </test-method> <!-- settup -->
        <test-method status="PASS" signature="test_Home_Page_Appear_Correct()[pri:0, instance:test.Test99GuruLoginWithPageFactory@224aed64]" name="test_Home_Page_Appear_Correct" duration-ms="1396" started-at="2019-08-29T09:10:21Z" finished-at="2019-08-29T09:10:22Z">
          <reporter-output>
          </reporter-output>
        </test-method> <!-- test_Home_Page_Appear_Correct -->
      </class> <!-- test.Test99GuruLoginWithPageFactory -->
    </test> <!-- Default test -->
  </suite> <!-- Default suite -->
</testng-results>
