<?xml version="1.0" encoding="UTF-8"?>
<!-- Generated by org.testng.reporters.JUnitXMLReporter -->
<testsuite hostname="THAOTRUONG-MAR" name="Run on Chrome Firefox" tests="3" failures="0" timestamp="5 Feb 2020 06:37:27 GMT" time="44.078" errors="0">
  <testcase name="TC_01_Validate" time="10.981" classname="com.nopcommerce.payment.Level_13_DynamicPageElement"/>
  <testcase name="TC_02_Register" time="11.754" classname="com.nopcommerce.payment.Level_13_DynamicPageElement"/>
  <testcase name="TC_03_Login" time="8.365" classname="com.nopcommerce.payment.Level_13_DynamicPageElement"/>
</testsuite> <!-- Run on Chrome Firefox -->
