<?xml version="1.0" encoding="UTF-8"?>
<testng-results skipped="0" failed="0" ignored="0" total="1" passed="1">
  <reporter-output>
  </reporter-output>
  <suite name="Default suite" duration-ms="1749" started-at="2019-12-10T11:06:31 ICT" finished-at="2019-12-10T11:06:33 ICT">
    <groups>
    </groups>
    <test name="Default test" duration-ms="1749" started-at="2019-12-10T11:06:31 ICT" finished-at="2019-12-10T11:06:33 ICT">
      <class name="SimpleGetTest">
        <test-method status="PASS" signature="GetWeatherDetails()[pri:0, instance:SimpleGetTest@185d8b6]" name="GetWeatherDetails" duration-ms="1721" started-at="2019-12-10T11:06:31 ICT" finished-at="2019-12-10T11:06:33 ICT">
          <reporter-output>
          </reporter-output>
        </test-method> <!-- GetWeatherDetails -->
      </class> <!-- SimpleGetTest -->
    </test> <!-- Default test -->
  </suite> <!-- Default suite -->
</testng-results>
