<?xml version="1.0" encoding="UTF-8"?>
<testng-results skipped="0" failed="0" total="2" passed="2">
  <reporter-output>
  </reporter-output>
  <suite name="Gmail Suite" duration-ms="1635" started-at="2019-08-25T01:10:32Z" finished-at="2019-08-25T01:10:33Z">
    <groups>
    </groups>
    <test name="Myntra" duration-ms="1536" started-at="2019-08-25T01:10:32Z" finished-at="2019-08-25T01:10:33Z">
      <class name="com.suite2.SnapDeal">
        <test-method status="PASS" signature="init()[pri:0, instance:com.suite2.SnapDeal@291b4bf5]" name="init" is-config="true" duration-ms="965" started-at="2019-08-25T08:10:32Z" finished-at="2019-08-25T08:10:33Z">
          <reporter-output>
          </reporter-output>
        </test-method> <!-- init -->
        <test-method status="PASS" signature="checktitle()[pri:0, instance:com.suite2.SnapDeal@291b4bf5]" name="checktitle" duration-ms="556" started-at="2019-08-25T08:10:33Z" finished-at="2019-08-25T08:10:33Z">
          <reporter-output>
          </reporter-output>
        </test-method> <!-- checktitle -->
        <test-method status="PASS" signature="quit()[pri:0, instance:com.suite2.SnapDeal@291b4bf5]" name="quit" is-config="true" duration-ms="7" started-at="2019-08-25T08:10:33Z" finished-at="2019-08-25T08:10:33Z">
          <reporter-output>
          </reporter-output>
        </test-method> <!-- quit -->
      </class> <!-- com.suite2.SnapDeal -->
    </test> <!-- Myntra -->
    <test name="flipkart" duration-ms="1635" started-at="2019-08-25T01:10:32Z" finished-at="2019-08-25T01:10:33Z">
      <class name="com.suite1.Flipkart">
        <test-method status="PASS" signature="init()[pri:0, instance:com.suite1.Flipkart@8c3b9d]" name="init" is-config="true" duration-ms="977" started-at="2019-08-25T08:10:32Z" finished-at="2019-08-25T08:10:33Z">
          <reporter-output>
          </reporter-output>
        </test-method> <!-- init -->
        <test-method status="PASS" signature="checktitle()[pri:0, instance:com.suite1.Flipkart@8c3b9d]" name="checktitle" duration-ms="644" started-at="2019-08-25T08:10:33Z" finished-at="2019-08-25T08:10:33Z">
          <reporter-output>
          </reporter-output>
        </test-method> <!-- checktitle -->
        <test-method status="PASS" signature="quit()[pri:0, instance:com.suite1.Flipkart@8c3b9d]" name="quit" is-config="true" duration-ms="8" started-at="2019-08-25T08:10:33Z" finished-at="2019-08-25T08:10:33Z">
          <reporter-output>
          </reporter-output>
        </test-method> <!-- quit -->
      </class> <!-- com.suite1.Flipkart -->
    </test> <!-- flipkart -->
  </suite> <!-- Gmail Suite -->
</testng-results>
