<?xml version="1.0" encoding="UTF-8"?>
<testng-results skipped="0" failed="0" total="2" passed="2">
  <reporter-output>
    <line>
      <![CDATA[The Browser is opened now]]>
    </line>
    <line>
      <![CDATA[The browser is maximized]]>
    </line>
    <line>
      <![CDATA[The google website is opened]]>
    </line>
    <line>
      <![CDATA[The data "Hi" is entered]]>
    </line>
    <line>
      <![CDATA[The Browser is opened now]]>
    </line>
    <line>
      <![CDATA[The browser is maximized]]>
    </line>
    <line>
      <![CDATA[The google website is opened]]>
    </line>
    <line>
      <![CDATA[The data "BYE" is entered]]>
    </line>
  </reporter-output>
  <suite name="Test Thao" duration-ms="11448" started-at="2019-08-27T09:24:40Z" finished-at="2019-08-27T09:24:51Z">
    <groups>
    </groups>
    <test name="Thao" duration-ms="11448" started-at="2019-08-27T09:24:40Z" finished-at="2019-08-27T09:24:51Z">
      <class name="com.test.DemoA">
        <test-method status="PASS" signature="run()[pri:0, instance:com.test.DemoA@1bc6a36e]" name="run" duration-ms="5844" started-at="2019-08-27T16:24:40Z" finished-at="2019-08-27T16:24:46Z">
          <reporter-output>
            <line>
              <![CDATA[The Browser is opened now]]>
            </line>
            <line>
              <![CDATA[The browser is maximized]]>
            </line>
            <line>
              <![CDATA[The google website is opened]]>
            </line>
            <line>
              <![CDATA[The data "Hi" is entered]]>
            </line>
          </reporter-output>
        </test-method> <!-- run -->
      </class> <!-- com.test.DemoA -->
      <class name="com.test.DemoB">
        <test-method status="PASS" signature="run()[pri:0, instance:com.test.DemoB@224aed64]" name="run" duration-ms="5594" started-at="2019-08-27T16:24:46Z" finished-at="2019-08-27T16:24:51Z">
          <reporter-output>
            <line>
              <![CDATA[The Browser is opened now]]>
            </line>
            <line>
              <![CDATA[The browser is maximized]]>
            </line>
            <line>
              <![CDATA[The google website is opened]]>
            </line>
            <line>
              <![CDATA[The data "BYE" is entered]]>
            </line>
          </reporter-output>
        </test-method> <!-- run -->
      </class> <!-- com.test.DemoB -->
    </test> <!-- Thao -->
  </suite> <!-- Test Thao -->
</testng-results>
